[2020-04-01 14:02:36]: Bot ready
[2020-04-01 14:04:54]: JezzaR the Protogen#6483 sent &ping
[2020-04-01 15:13:36]: Bot ready
[2020-04-01 15:13:37]: JezzaR the Protogen#6483 sent &ping
[2020-04-01 15:30:07]: Gibson#3668 sent &help
[2020-04-01 15:31:34]: Golden Pan#3103 sent &help
[2020-04-01 15:33:14]: Gibson#3668 sent &help
[2020-04-01 15:44:22]: JezzaR the Protogen#6483 sent &help
[2020-04-01 15:47:06]: Gibson#3668 sent &creeper
[2020-04-01 15:48:05]: Gibson#3668 sent &creeper
[2020-04-01 15:49:35]: Gibson#3668 sent &creeper
[2020-04-01 15:50:47]: Gibson#3668 sent &creeper
[2020-04-01 15:51:06]: JezzaR the Protogen#6483 sent &help
[2020-04-01 17:43:57]: CoffeePanda0#5894 sent &help
[2020-04-01 19:23:42]: Golden Pan#3103 sent a message including uwu
[2020-04-01 19:23:42]: Bonzi Bot#3964 sent a message including uwu
[2020-04-01 19:33:45]: JezzaR the Protogen#6483 sent a message including uwu
[2020-04-01 21:56:55]: Bot ready
[2020-04-01 21:58:58]: Bot ready
[2020-04-01 21:59:43]: Bot ready
[2020-04-01 22:00:33]: Bot ready
[2020-04-01 22:01:07]: Bot ready
[2020-04-01 22:11:16]: Bot ready
[2020-04-01 22:13:08]: Bot ready
[2020-04-01 22:22:11]: Bot ready
[2020-04-01 22:22:56]: Bot ready
[2020-04-01 22:24:41]: Bot ready
[2020-04-02 10:42:34]: Bot ready
[2020-04-02 10:45:29]: Bot ready
[2020-04-02 10:51:23]: Bot ready
[2020-04-02 10:53:43]: Bot ready
[2020-04-02 10:54:10]: Bot ready
[2020-04-02 10:55:03]: Bot ready
[2020-04-02 10:56:13]: Bot ready
[2020-04-02 10:57:28]: Bot ready
[2020-04-02 10:58:42]: Bot ready
[2020-04-02 10:58:56]: Bot ready
[2020-04-02 11:00:35]: Bot ready
[2020-04-02 12:04:34]: Bot ready
[2020-04-02 12:07:26]: Bot ready
[2020-04-02 12:16:49]: Bot ready
[2020-04-02 12:23:04]: Bot ready
[2020-04-02 12:23:59]: Bot ready
[2020-04-02 12:27:24]: Gibson#3668 sent &ping
[2020-04-02 12:27:39]: jeffrey dahmer#1787 sent &ping
[2020-04-02 12:31:24]: Bot ready
[2020-04-02 12:31:46]: Bot ready
[2020-04-02 12:33:15]: Bot ready
[2020-04-02 12:42:42]: Bot ready
[2020-04-02 13:05:29]: Bot ready
[2020-04-02 13:05:45]: Bot ready
[2020-04-02 13:06:06]: Bot ready
[2020-04-02 13:07:53]: Bot ready
